<?xml version="1.0" encoding="UTF-8"?>
<!-- Generated by org.testng.reporters.JUnitReportReporter -->
<testsuite hostname="DESKTOP-DB37RA4" failures="0" tests="3" name="org.testng.demo.Testng1" time="0.032" errors="0" timestamp="17 Mar 2021 12:58:34 GMT" skipped="0">
  <testcase classname="org.testng.demo.Testng1" name="tc2" time="0.018"/>
  <testcase classname="org.testng.demo.Testng1" name="tc1" time="0.010"/>
  <testcase classname="org.testng.demo.Testng1" name="tc0" time="0.004"/>
</testsuite> <!-- org.testng.demo.Testng1 -->
